Build started 1/28/2016 1:10:54 PM.
     1>Project "C:\Users\Giraffer\Documents\coding projects\Dungeon Crawl\Dungeon Crawl.vcxproj" on node 2 (Rebuild target(s)).
     1>ClCompile:
         C:\Program Files (x86)\Microsoft Visual Studio 12.0\VC\bin\CL.exe /c /I"C:\Users\Giraffer\Documents\coding projects\TGUI-0.6.8 Visual C++12 (2013) - 32bit\TGUI-0.6\include" /I"C:\Users\Giraffer\Downloads\SFML-2.3-windows-vc12-32-bit\SFML-2.3\include" /ZI /nologo /W3 /WX- /sdl /Od /Oy- /D WIN32 /D _DEBUG /D _WINDOWS /D _UNICODE /D UNICODE /Gm /EHsc /RTC1 /MDd /GS /fp:precise /Zc:wchar_t /Zc:forScope /Fo"Debug\\" /Fd"Debug\vc120.pdb" /Gd /TP /analyze- /errorReport:prompt Battle.cpp Character.cpp CharGen.cpp Game.cpp GameStart.cpp GameState.cpp Loading.cpp main.cpp Monster.cpp Player.cpp
         Player.cpp
         Monster.cpp
         main.cpp
     1>c:\users\giraffer\documents\coding projects\dungeon crawl\main.cpp(7): warning C4244: 'argument' : conversion from 'time_t' to 'unsigned int', possible loss of data
         Loading.cpp
     1>c:\users\giraffer\documents\coding projects\dungeon crawl\loading.cpp(21): warning C4244: 'argument' : conversion from 'int' to 'float', possible loss of data
     1>c:\users\giraffer\documents\coding projects\dungeon crawl\loading.cpp(25): warning C4244: 'argument' : conversion from 'int' to 'float', possible loss of data
         GameState.cpp
         GameStart.cpp
     1>c:\users\giraffer\documents\coding projects\dungeon crawl\gamestart.cpp(21): warning C4244: 'argument' : conversion from 'int' to 'float', possible loss of data
         Game.cpp
         CharGen.cpp
     1>c:\users\giraffer\documents\coding projects\dungeon crawl\chargen.cpp(43): warning C4244: 'argument' : conversion from 'int' to 'float', possible loss of data
         Character.cpp
         Battle.cpp
     1>c:\users\giraffer\documents\coding projects\dungeon crawl\battle.cpp(20): warning C4244: 'argument' : conversion from 'int' to 'float', possible loss of data
     1>c:\users\giraffer\documents\coding projects\dungeon crawl\battle.cpp(255): warning C4244: 'argument' : conversion from 'double' to 'float', possible loss of data
         Generating Code...
       Link:
         C:\Program Files (x86)\Microsoft Visual Studio 12.0\VC\bin\link.exe /ERRORREPORT:PROMPT /OUT:"C:\Users\Giraffer\Documents\coding projects\Dungeon Crawl\Debug\Dungeon Crawl.exe" /INCREMENTAL /NOLOGO /LIBPATH:"C:\Users\Giraffer\Documents\coding projects\TGUI-0.6.8 Visual C++12 (2013) - 32bit\TGUI-0.6\lib" /LIBPATH:"C:\Users\Giraffer\Downloads\SFML-2.3-windows-vc12-32-bit\SFML-2.3\lib" "sfml-main-d.lib" "sfml-graphics-d.lib" "sfml-window-d.lib" "sfml-audio-d.lib" "sfml-network-d.lib" "sfml-system-d.lib" "tgui-d.lib" kernel32.lib user32.lib gdi32.lib winspool.lib comdlg32.lib advapi32.lib shell32.lib ole32.lib oleaut32.lib uuid.lib odbc32.lib odbccp32.lib /MANIFEST /MANIFESTUAC:"level='asInvoker' uiAccess='false'" /manifest:embed /DEBUG /PDB:"C:\Users\Giraffer\Documents\coding projects\Dungeon Crawl\Debug\Dungeon Crawl.pdb" /SUBSYSTEM:WINDOWS /TLBID:1 /DYNAMICBASE /NXCOMPAT /IMPLIB:"C:\Users\Giraffer\Documents\coding projects\Dungeon Crawl\Debug\Dungeon Crawl.lib" /MACHINE:X86 Debug\Battle.obj
         Debug\Character.obj
         Debug\CharGen.obj
         Debug\Game.obj
         Debug\GameStart.obj
         Debug\GameState.obj
         Debug\Loading.obj
         Debug\main.obj
         Debug\Monster.obj
         Debug\Player.obj
     1>sfml-main-d.lib(MainWin32.cpp.obj) : warning LNK4204: 'C:\Users\Giraffer\Documents\coding projects\Dungeon Crawl\Debug\vc120.pdb' is missing debugging information for referencing module; linking object as if no debug info
         Dungeon Crawl.vcxproj -> C:\Users\Giraffer\Documents\coding projects\Dungeon Crawl\Debug\Dungeon Crawl.exe
     1>Done Building Project "C:\Users\Giraffer\Documents\coding projects\Dungeon Crawl\Dungeon Crawl.vcxproj" (Rebuild target(s)).

Build succeeded.

Time Elapsed 00:00:18.10
