c:\users\giraffer\documents\coding projects\dungeon crawl\debug\vc120.pdb
c:\users\giraffer\documents\coding projects\dungeon crawl\debug\vc120.idb
c:\users\giraffer\documents\coding projects\dungeon crawl\debug\game.obj
c:\users\giraffer\documents\coding projects\dungeon crawl\debug\main.obj
c:\users\giraffer\documents\coding projects\dungeon crawl\debug\gamestart.obj
c:\users\giraffer\documents\coding projects\dungeon crawl\debug\chargen.obj
c:\users\giraffer\documents\coding projects\dungeon crawl\debug\character.obj
c:\users\giraffer\documents\coding projects\dungeon crawl\debug\player.obj
c:\users\giraffer\documents\coding projects\dungeon crawl\debug\battle.obj
c:\users\giraffer\documents\coding projects\dungeon crawl\debug\monster.obj
c:\users\giraffer\documents\coding projects\dungeon crawl\debug\monstercreation.obj
c:\users\giraffer\documents\coding projects\dungeon crawl\debug\loading.obj
c:\users\giraffer\documents\coding projects\dungeon crawl\debug\dungeon crawl.ilk
c:\users\giraffer\documents\coding projects\dungeon crawl\debug\dungeon crawl.exe
c:\users\giraffer\documents\coding projects\dungeon crawl\debug\dungeon crawl.pdb
c:\users\giraffer\documents\coding projects\dungeon crawl\debug\gamestate.obj
c:\users\giraffer\documents\coding projects\dungeon crawl\debug\dungeon crawl.tlog\cl.command.1.tlog
c:\users\giraffer\documents\coding projects\dungeon crawl\debug\dungeon crawl.tlog\cl.read.1.tlog
c:\users\giraffer\documents\coding projects\dungeon crawl\debug\dungeon crawl.tlog\cl.write.1.tlog
c:\users\giraffer\documents\coding projects\dungeon crawl\debug\dungeon crawl.tlog\link.command.1.tlog
c:\users\giraffer\documents\coding projects\dungeon crawl\debug\dungeon crawl.tlog\link.read.1.tlog
c:\users\giraffer\documents\coding projects\dungeon crawl\debug\dungeon crawl.tlog\link.write.1.tlog
